[debug] [2022-06-02T00:40:12.250Z] ----------------------------------------------------------------------
[debug] [2022-06-02T00:40:12.252Z] Command:       C:\Program Files\nodejs\node.exe C:\Users\K. M. Rajib Faysal\AppData\Roaming\npm\node_modules\firebase-tools\lib\bin\firebase.js init
[debug] [2022-06-02T00:40:12.252Z] CLI Version:   11.0.1
[debug] [2022-06-02T00:40:12.253Z] Platform:      win32
[debug] [2022-06-02T00:40:12.253Z] Node Version:  v16.15.0
[debug] [2022-06-02T00:40:12.254Z] Time:          Thu Jun 02 2022 06:40:12 GMT+0600 (Bangladesh Standard Time)
[debug] [2022-06-02T00:40:12.254Z] ----------------------------------------------------------------------
[debug] 
[debug] [2022-06-02T00:40:12.265Z] > command requires scopes: ["email","openid","https://www.googleapis.com/auth/cloudplatformprojects.readonly","https://www.googleapis.com/auth/firebase","https://www.googleapis.com/auth/cloud-platform"]
[debug] [2022-06-02T00:40:12.266Z] > authorizing via signed-in user (kmrajibfaysal@gmail.com)
[info] 
     ######## #### ########  ######## ########     ###     ######  ########
     ##        ##  ##     ## ##       ##     ##  ##   ##  ##       ##
     ######    ##  ########  ######   ########  #########  ######  ######
     ##        ##  ##    ##  ##       ##     ## ##     ##       ## ##
     ##       #### ##     ## ######## ########  ##     ##  ######  ########

You're about to initialize a Firebase project in this directory:

  C:\km\Documents\Projects-new\india-furniture-Ltd

Before we get started, keep in mind:

  * You are currently outside your home directory

